C:\USERS\ADMIN\ONEDRIVE\MáY TíNH\GAMESDL2\GAMESDL2\DEBUG\GAMESDL2.PCH
C:\USERS\ADMIN\ONEDRIVE\MáY TíNH\GAMESDL2\GAMESDL2\DEBUG\STDAFX.OBJ
C:\USERS\ADMIN\ONEDRIVE\MÁY TÍNH\GAMESDL2\GAMESDL2\DEBUG\VC110.PDB
C:\USERS\ADMIN\ONEDRIVE\MáY TíNH\GAMESDL2\GAMESDL2\DEBUG\BASEOBJECT.OBJ
C:\USERS\ADMIN\ONEDRIVE\MáY TíNH\GAMESDL2\GAMESDL2\DEBUG\COMMONFUNC.OBJ
C:\USERS\ADMIN\ONEDRIVE\MáY TíNH\GAMESDL2\GAMESDL2\DEBUG\GAMESDL2.OBJ
C:\USERS\ADMIN\ONEDRIVE\MáY TíNH\GAMESDL2\GAMESDL2\DEBUG\MAP.OBJ
C:\USERS\ADMIN\ONEDRIVE\MáY TíNH\GAMESDL2\GAMESDL2\DEBUG\GAME_MAP.OBJ
C:\BLOODCHESS\BLOODCHESS\GAMESDL2\GAMESDL2\DEBUG\GAMESDL2.PCH
C:\BLOODCHESS\BLOODCHESS\GAMESDL2\GAMESDL2\DEBUG\STDAFX.OBJ
C:\BLOODCHESS\BLOODCHESS\GAMESDL2\GAMESDL2\DEBUG\VC110.PDB
C:\BLOODCHESS\BLOODCHESS\GAMESDL2\GAMESDL2\DEBUG\BASEOBJECT.OBJ
C:\BLOODCHESS\BLOODCHESS\GAMESDL2\GAMESDL2\DEBUG\COMMONFUNC.OBJ
C:\BLOODCHESS\BLOODCHESS\GAMESDL2\GAMESDL2\DEBUG\GAMESDL2.OBJ
C:\BLOODCHESS\BLOODCHESS\GAMESDL2\GAMESDL2\DEBUG\GAME_MAP.OBJ
C:\BLOODCHESS\BLOODCHESS\GAMESDL2\GAMESDL2\DEBUG\MAINOBJECT.OBJ
C:\USERS\ADMIN\ONEDRIVE\MáY TíNH\BAITAPLON\BLOODCHESS\GAMESDL2\GAMESDL2\DEBUG\GAMESDL2.PCH
C:\USERS\ADMIN\ONEDRIVE\MáY TíNH\BAITAPLON\BLOODCHESS\GAMESDL2\GAMESDL2\DEBUG\STDAFX.OBJ
C:\USERS\ADMIN\ONEDRIVE\MÁY TÍNH\BAITAPLON\BLOODCHESS\GAMESDL2\GAMESDL2\DEBUG\VC110.PDB
C:\USERS\ADMIN\ONEDRIVE\MáY TíNH\BAITAPLON\BLOODCHESS\GAMESDL2\GAMESDL2\DEBUG\BASEOBJECT.OBJ
C:\USERS\ADMIN\ONEDRIVE\MáY TíNH\BAITAPLON\BLOODCHESS\GAMESDL2\GAMESDL2\DEBUG\COMMONFUNC.OBJ
C:\USERS\ADMIN\ONEDRIVE\MáY TíNH\BAITAPLON\BLOODCHESS\GAMESDL2\GAMESDL2\DEBUG\GAMESDL2.OBJ
C:\USERS\ADMIN\ONEDRIVE\MáY TíNH\BAITAPLON\BLOODCHESS\GAMESDL2\GAMESDL2\DEBUG\GAME_MAP.OBJ
C:\USERS\ADMIN\ONEDRIVE\MáY TíNH\BAITAPLON\BLOODCHESS\GAMESDL2\GAMESDL2\DEBUG\MAINOBJECT.OBJ
C:\USERS\ADMIN\ONEDRIVE\MáY TíNH\BAITAPLON\BLOODCHESS\GAMESDL2\GAMESDL2\DEBUG\IMPTIME.OBJ
C:\USERS\ADMIN\ONEDRIVE\MáY TíNH\BAITAPLON\BLOODCHESS\GAMESDL2\GAMESDL2\DEBUG\THREATSOBJECT.OBJ
C:\USERS\ADMIN\ONEDRIVE\MáY TíNH\BAITAPLON\BLOODCHESS\GAMESDL2\GAMESDL2\DEBUG\WINDOWTAIXIU.OBJ
C:\USERS\ADMIN\ONEDRIVE\MáY TíNH\BAITAPLON\BLOODCHESS\GAMESDL2\GAMESDL2\DEBUG\WINDOW.OBJ
C:\USERS\ADMIN\ONEDRIVE\MáY TíNH\GAMESDLBANCUOI\BLOODCHESS\GAMESDL2\GAMESDL2\DEBUG\GAMESDL2.PCH
C:\USERS\ADMIN\ONEDRIVE\MáY TíNH\GAMESDLBANCUOI\BLOODCHESS\GAMESDL2\GAMESDL2\DEBUG\STDAFX.OBJ
C:\USERS\ADMIN\ONEDRIVE\MÁY TÍNH\GAMESDLBANCUOI\BLOODCHESS\GAMESDL2\GAMESDL2\DEBUG\VC110.PDB
C:\USERS\ADMIN\ONEDRIVE\MáY TíNH\GAMESDLBANCUOI\BLOODCHESS\GAMESDL2\GAMESDL2\DEBUG\BASEOBJECT.OBJ
C:\USERS\ADMIN\ONEDRIVE\MáY TíNH\GAMESDLBANCUOI\BLOODCHESS\GAMESDL2\GAMESDL2\DEBUG\COMMONFUNC.OBJ
C:\USERS\ADMIN\ONEDRIVE\MáY TíNH\GAMESDLBANCUOI\BLOODCHESS\GAMESDL2\GAMESDL2\DEBUG\GAME_MAP.OBJ
C:\USERS\ADMIN\ONEDRIVE\MáY TíNH\GAMESDLBANCUOI\BLOODCHESS\GAMESDL2\GAMESDL2\DEBUG\IMPTIME.OBJ
C:\USERS\ADMIN\ONEDRIVE\MáY TíNH\GAMESDLBANCUOI\BLOODCHESS\GAMESDL2\GAMESDL2\DEBUG\MAINOBJECT.OBJ
C:\USERS\ADMIN\ONEDRIVE\MáY TíNH\GAMESDLBANCUOI\BLOODCHESS\GAMESDL2\GAMESDL2\DEBUG\GAMESDL2.OBJ
C:\USERS\ADMIN\ONEDRIVE\MáY TíNH\GAMESDL2\DEBUG\GAMESDL2.ILK
C:\USERS\ADMIN\ONEDRIVE\MáY TíNH\GAMESDL2\DEBUG\GAMESDL2.EXE
C:\USERS\ADMIN\ONEDRIVE\MÁY TÍNH\GAMESDL2\DEBUG\GAMESDL2.PDB
C:\BLOODCHESS\BLOODCHESS\GAMESDL2\DEBUG\GAMESDL2.ILK
C:\BLOODCHESS\BLOODCHESS\GAMESDL2\DEBUG\GAMESDL2.EXE
C:\BLOODCHESS\BLOODCHESS\GAMESDL2\DEBUG\GAMESDL2.PDB
C:\USERS\ADMIN\ONEDRIVE\MáY TíNH\BAITAPLON\BLOODCHESS\GAMESDL2\DEBUG\GAMESDL2.ILK
C:\USERS\ADMIN\ONEDRIVE\MáY TíNH\BAITAPLON\BLOODCHESS\GAMESDL2\DEBUG\GAMESDL2.EXE
C:\USERS\ADMIN\ONEDRIVE\MÁY TÍNH\BAITAPLON\BLOODCHESS\GAMESDL2\DEBUG\GAMESDL2.PDB
C:\USERS\ADMIN\ONEDRIVE\MáY TíNH\GAMESDLBANCUOI\BLOODCHESS\GAMESDL2\DEBUG\GAMESDL2.ILK
C:\USERS\ADMIN\ONEDRIVE\MáY TíNH\GAMESDLBANCUOI\BLOODCHESS\GAMESDL2\DEBUG\GAMESDL2.EXE
C:\USERS\ADMIN\ONEDRIVE\MÁY TÍNH\GAMESDLBANCUOI\BLOODCHESS\GAMESDL2\DEBUG\GAMESDL2.PDB
C:\Users\ADMIN\OneDrive\Máy tính\gamesdlbancuoi\bloodchess\gameSDL2\gameSDL2\Debug\BaseObject.obj
C:\Users\ADMIN\OneDrive\Máy tính\gamesdlbancuoi\bloodchess\gameSDL2\gameSDL2\Debug\Commonfunc.obj
C:\Users\ADMIN\OneDrive\Máy tính\gamesdlbancuoi\bloodchess\gameSDL2\gameSDL2\Debug\gameSDL2.obj
C:\Users\ADMIN\OneDrive\Máy tính\gamesdlbancuoi\bloodchess\gameSDL2\gameSDL2\Debug\Game_map.obj
C:\Users\ADMIN\OneDrive\Máy tính\gamesdlbancuoi\bloodchess\gameSDL2\gameSDL2\Debug\ImpTime.obj
C:\Users\ADMIN\OneDrive\Máy tính\gamesdlbancuoi\bloodchess\gameSDL2\gameSDL2\Debug\MainObject.obj
C:\Users\ADMIN\OneDrive\Máy tính\gamesdlbancuoi\bloodchess\gameSDL2\gameSDL2\Debug\map.obj
C:\Users\ADMIN\OneDrive\Máy tính\gamesdlbancuoi\bloodchess\gameSDL2\gameSDL2\Debug\stdafx.obj
C:\Users\ADMIN\OneDrive\Máy tính\gamesdlbancuoi\bloodchess\gameSDL2\gameSDL2\Debug\ThreatsObject.obj
C:\Users\ADMIN\OneDrive\Máy tính\gamesdlbancuoi\bloodchess\gameSDL2\gameSDL2\Debug\Window.obj
C:\Users\ADMIN\OneDrive\Máy tính\gamesdlbancuoi\bloodchess\gameSDL2\gameSDL2\Debug\windowtaixiu.obj
C:\Users\ADMIN\OneDrive\Máy tính\gamesdlbancuoi\bloodchess\gameSDL2\gameSDL2\Debug\cl.command.1.tlog
C:\Users\ADMIN\OneDrive\Máy tính\gamesdlbancuoi\bloodchess\gameSDL2\gameSDL2\Debug\CL.read.1.tlog
C:\Users\ADMIN\OneDrive\Máy tính\gamesdlbancuoi\bloodchess\gameSDL2\gameSDL2\Debug\CL.write.1.tlog
C:\Users\ADMIN\OneDrive\Máy tính\gamesdlbancuoi\bloodchess\gameSDL2\gameSDL2\Debug\link-cvtres.read.1.tlog
C:\Users\ADMIN\OneDrive\Máy tính\gamesdlbancuoi\bloodchess\gameSDL2\gameSDL2\Debug\link-cvtres.write.1.tlog
C:\Users\ADMIN\OneDrive\Máy tính\gamesdlbancuoi\bloodchess\gameSDL2\gameSDL2\Debug\link-rc.read.1.tlog
C:\Users\ADMIN\OneDrive\Máy tính\gamesdlbancuoi\bloodchess\gameSDL2\gameSDL2\Debug\link-rc.write.1.tlog
C:\Users\ADMIN\OneDrive\Máy tính\gamesdlbancuoi\bloodchess\gameSDL2\gameSDL2\Debug\link.11112-cvtres.read.1.tlog
C:\Users\ADMIN\OneDrive\Máy tính\gamesdlbancuoi\bloodchess\gameSDL2\gameSDL2\Debug\link.11112-cvtres.write.1.tlog
C:\Users\ADMIN\OneDrive\Máy tính\gamesdlbancuoi\bloodchess\gameSDL2\gameSDL2\Debug\link.11112-rc.read.1.tlog
C:\Users\ADMIN\OneDrive\Máy tính\gamesdlbancuoi\bloodchess\gameSDL2\gameSDL2\Debug\link.11112-rc.write.1.tlog
C:\Users\ADMIN\OneDrive\Máy tính\gamesdlbancuoi\bloodchess\gameSDL2\gameSDL2\Debug\link.11112.read.1.tlog
C:\Users\ADMIN\OneDrive\Máy tính\gamesdlbancuoi\bloodchess\gameSDL2\gameSDL2\Debug\link.11112.write.1.tlog
C:\Users\ADMIN\OneDrive\Máy tính\gamesdlbancuoi\bloodchess\gameSDL2\gameSDL2\Debug\link.12396-cvtres.read.1.tlog
C:\Users\ADMIN\OneDrive\Máy tính\gamesdlbancuoi\bloodchess\gameSDL2\gameSDL2\Debug\link.12396-cvtres.write.1.tlog
C:\Users\ADMIN\OneDrive\Máy tính\gamesdlbancuoi\bloodchess\gameSDL2\gameSDL2\Debug\link.12396-rc.read.1.tlog
C:\Users\ADMIN\OneDrive\Máy tính\gamesdlbancuoi\bloodchess\gameSDL2\gameSDL2\Debug\link.12396-rc.write.1.tlog
C:\Users\ADMIN\OneDrive\Máy tính\gamesdlbancuoi\bloodchess\gameSDL2\gameSDL2\Debug\link.12396.read.1.tlog
C:\Users\ADMIN\OneDrive\Máy tính\gamesdlbancuoi\bloodchess\gameSDL2\gameSDL2\Debug\link.12396.write.1.tlog
C:\Users\ADMIN\OneDrive\Máy tính\gamesdlbancuoi\bloodchess\gameSDL2\gameSDL2\Debug\link.13060-cvtres.read.1.tlog
C:\Users\ADMIN\OneDrive\Máy tính\gamesdlbancuoi\bloodchess\gameSDL2\gameSDL2\Debug\link.13060-cvtres.write.1.tlog
C:\Users\ADMIN\OneDrive\Máy tính\gamesdlbancuoi\bloodchess\gameSDL2\gameSDL2\Debug\link.13060-rc.read.1.tlog
C:\Users\ADMIN\OneDrive\Máy tính\gamesdlbancuoi\bloodchess\gameSDL2\gameSDL2\Debug\link.13060-rc.write.1.tlog
C:\Users\ADMIN\OneDrive\Máy tính\gamesdlbancuoi\bloodchess\gameSDL2\gameSDL2\Debug\link.13060.read.1.tlog
C:\Users\ADMIN\OneDrive\Máy tính\gamesdlbancuoi\bloodchess\gameSDL2\gameSDL2\Debug\link.13060.write.1.tlog
C:\Users\ADMIN\OneDrive\Máy tính\gamesdlbancuoi\bloodchess\gameSDL2\gameSDL2\Debug\link.13168-cvtres.read.1.tlog
C:\Users\ADMIN\OneDrive\Máy tính\gamesdlbancuoi\bloodchess\gameSDL2\gameSDL2\Debug\link.13168-cvtres.write.1.tlog
C:\Users\ADMIN\OneDrive\Máy tính\gamesdlbancuoi\bloodchess\gameSDL2\gameSDL2\Debug\link.13168-rc.read.1.tlog
C:\Users\ADMIN\OneDrive\Máy tính\gamesdlbancuoi\bloodchess\gameSDL2\gameSDL2\Debug\link.13168-rc.write.1.tlog
C:\Users\ADMIN\OneDrive\Máy tính\gamesdlbancuoi\bloodchess\gameSDL2\gameSDL2\Debug\link.13168.read.1.tlog
C:\Users\ADMIN\OneDrive\Máy tính\gamesdlbancuoi\bloodchess\gameSDL2\gameSDL2\Debug\link.13168.write.1.tlog
C:\Users\ADMIN\OneDrive\Máy tính\gamesdlbancuoi\bloodchess\gameSDL2\gameSDL2\Debug\link.13512-cvtres.read.1.tlog
C:\Users\ADMIN\OneDrive\Máy tính\gamesdlbancuoi\bloodchess\gameSDL2\gameSDL2\Debug\link.13512-cvtres.write.1.tlog
C:\Users\ADMIN\OneDrive\Máy tính\gamesdlbancuoi\bloodchess\gameSDL2\gameSDL2\Debug\link.13512-rc.read.1.tlog
C:\Users\ADMIN\OneDrive\Máy tính\gamesdlbancuoi\bloodchess\gameSDL2\gameSDL2\Debug\link.13512-rc.write.1.tlog
C:\Users\ADMIN\OneDrive\Máy tính\gamesdlbancuoi\bloodchess\gameSDL2\gameSDL2\Debug\link.13512.read.1.tlog
C:\Users\ADMIN\OneDrive\Máy tính\gamesdlbancuoi\bloodchess\gameSDL2\gameSDL2\Debug\link.13512.write.1.tlog
C:\Users\ADMIN\OneDrive\Máy tính\gamesdlbancuoi\bloodchess\gameSDL2\gameSDL2\Debug\link.14672-cvtres.read.1.tlog
C:\Users\ADMIN\OneDrive\Máy tính\gamesdlbancuoi\bloodchess\gameSDL2\gameSDL2\Debug\link.14672-cvtres.write.1.tlog
C:\Users\ADMIN\OneDrive\Máy tính\gamesdlbancuoi\bloodchess\gameSDL2\gameSDL2\Debug\link.14672-rc.read.1.tlog
C:\Users\ADMIN\OneDrive\Máy tính\gamesdlbancuoi\bloodchess\gameSDL2\gameSDL2\Debug\link.14672-rc.write.1.tlog
C:\Users\ADMIN\OneDrive\Máy tính\gamesdlbancuoi\bloodchess\gameSDL2\gameSDL2\Debug\link.14672.read.1.tlog
C:\Users\ADMIN\OneDrive\Máy tính\gamesdlbancuoi\bloodchess\gameSDL2\gameSDL2\Debug\link.14672.write.1.tlog
C:\Users\ADMIN\OneDrive\Máy tính\gamesdlbancuoi\bloodchess\gameSDL2\gameSDL2\Debug\link.16512-cvtres.read.1.tlog
C:\Users\ADMIN\OneDrive\Máy tính\gamesdlbancuoi\bloodchess\gameSDL2\gameSDL2\Debug\link.16512-cvtres.write.1.tlog
C:\Users\ADMIN\OneDrive\Máy tính\gamesdlbancuoi\bloodchess\gameSDL2\gameSDL2\Debug\link.16512-rc.read.1.tlog
C:\Users\ADMIN\OneDrive\Máy tính\gamesdlbancuoi\bloodchess\gameSDL2\gameSDL2\Debug\link.16512-rc.write.1.tlog
C:\Users\ADMIN\OneDrive\Máy tính\gamesdlbancuoi\bloodchess\gameSDL2\gameSDL2\Debug\link.16512.read.1.tlog
C:\Users\ADMIN\OneDrive\Máy tính\gamesdlbancuoi\bloodchess\gameSDL2\gameSDL2\Debug\link.16512.write.1.tlog
C:\Users\ADMIN\OneDrive\Máy tính\gamesdlbancuoi\bloodchess\gameSDL2\gameSDL2\Debug\link.17332-cvtres.read.1.tlog
C:\Users\ADMIN\OneDrive\Máy tính\gamesdlbancuoi\bloodchess\gameSDL2\gameSDL2\Debug\link.17332-cvtres.write.1.tlog
C:\Users\ADMIN\OneDrive\Máy tính\gamesdlbancuoi\bloodchess\gameSDL2\gameSDL2\Debug\link.17332-rc.read.1.tlog
C:\Users\ADMIN\OneDrive\Máy tính\gamesdlbancuoi\bloodchess\gameSDL2\gameSDL2\Debug\link.17332-rc.write.1.tlog
C:\Users\ADMIN\OneDrive\Máy tính\gamesdlbancuoi\bloodchess\gameSDL2\gameSDL2\Debug\link.17332.read.1.tlog
C:\Users\ADMIN\OneDrive\Máy tính\gamesdlbancuoi\bloodchess\gameSDL2\gameSDL2\Debug\link.17332.write.1.tlog
C:\Users\ADMIN\OneDrive\Máy tính\gamesdlbancuoi\bloodchess\gameSDL2\gameSDL2\Debug\link.17552-cvtres.read.1.tlog
C:\Users\ADMIN\OneDrive\Máy tính\gamesdlbancuoi\bloodchess\gameSDL2\gameSDL2\Debug\link.17552-cvtres.write.1.tlog
C:\Users\ADMIN\OneDrive\Máy tính\gamesdlbancuoi\bloodchess\gameSDL2\gameSDL2\Debug\link.17552-rc.read.1.tlog
C:\Users\ADMIN\OneDrive\Máy tính\gamesdlbancuoi\bloodchess\gameSDL2\gameSDL2\Debug\link.17552-rc.write.1.tlog
C:\Users\ADMIN\OneDrive\Máy tính\gamesdlbancuoi\bloodchess\gameSDL2\gameSDL2\Debug\link.17552.read.1.tlog
C:\Users\ADMIN\OneDrive\Máy tính\gamesdlbancuoi\bloodchess\gameSDL2\gameSDL2\Debug\link.17552.write.1.tlog
C:\Users\ADMIN\OneDrive\Máy tính\gamesdlbancuoi\bloodchess\gameSDL2\gameSDL2\Debug\link.17672-cvtres.read.1.tlog
C:\Users\ADMIN\OneDrive\Máy tính\gamesdlbancuoi\bloodchess\gameSDL2\gameSDL2\Debug\link.17672-cvtres.write.1.tlog
C:\Users\ADMIN\OneDrive\Máy tính\gamesdlbancuoi\bloodchess\gameSDL2\gameSDL2\Debug\link.17672-rc.read.1.tlog
C:\Users\ADMIN\OneDrive\Máy tính\gamesdlbancuoi\bloodchess\gameSDL2\gameSDL2\Debug\link.17672-rc.write.1.tlog
C:\Users\ADMIN\OneDrive\Máy tính\gamesdlbancuoi\bloodchess\gameSDL2\gameSDL2\Debug\link.17672.read.1.tlog
C:\Users\ADMIN\OneDrive\Máy tính\gamesdlbancuoi\bloodchess\gameSDL2\gameSDL2\Debug\link.17672.write.1.tlog
C:\Users\ADMIN\OneDrive\Máy tính\gamesdlbancuoi\bloodchess\gameSDL2\gameSDL2\Debug\link.18460-cvtres.read.1.tlog
C:\Users\ADMIN\OneDrive\Máy tính\gamesdlbancuoi\bloodchess\gameSDL2\gameSDL2\Debug\link.18460-cvtres.write.1.tlog
C:\Users\ADMIN\OneDrive\Máy tính\gamesdlbancuoi\bloodchess\gameSDL2\gameSDL2\Debug\link.18460-rc.read.1.tlog
C:\Users\ADMIN\OneDrive\Máy tính\gamesdlbancuoi\bloodchess\gameSDL2\gameSDL2\Debug\link.18460-rc.write.1.tlog
C:\Users\ADMIN\OneDrive\Máy tính\gamesdlbancuoi\bloodchess\gameSDL2\gameSDL2\Debug\link.18460.read.1.tlog
C:\Users\ADMIN\OneDrive\Máy tính\gamesdlbancuoi\bloodchess\gameSDL2\gameSDL2\Debug\link.18460.write.1.tlog
C:\Users\ADMIN\OneDrive\Máy tính\gamesdlbancuoi\bloodchess\gameSDL2\gameSDL2\Debug\link.19360-cvtres.read.1.tlog
C:\Users\ADMIN\OneDrive\Máy tính\gamesdlbancuoi\bloodchess\gameSDL2\gameSDL2\Debug\link.19360-cvtres.write.1.tlog
C:\Users\ADMIN\OneDrive\Máy tính\gamesdlbancuoi\bloodchess\gameSDL2\gameSDL2\Debug\link.19360-rc.read.1.tlog
C:\Users\ADMIN\OneDrive\Máy tính\gamesdlbancuoi\bloodchess\gameSDL2\gameSDL2\Debug\link.19360-rc.write.1.tlog
C:\Users\ADMIN\OneDrive\Máy tính\gamesdlbancuoi\bloodchess\gameSDL2\gameSDL2\Debug\link.19360.read.1.tlog
C:\Users\ADMIN\OneDrive\Máy tính\gamesdlbancuoi\bloodchess\gameSDL2\gameSDL2\Debug\link.19360.write.1.tlog
C:\Users\ADMIN\OneDrive\Máy tính\gamesdlbancuoi\bloodchess\gameSDL2\gameSDL2\Debug\link.5060-cvtres.read.1.tlog
C:\Users\ADMIN\OneDrive\Máy tính\gamesdlbancuoi\bloodchess\gameSDL2\gameSDL2\Debug\link.5060-cvtres.write.1.tlog
C:\Users\ADMIN\OneDrive\Máy tính\gamesdlbancuoi\bloodchess\gameSDL2\gameSDL2\Debug\link.5060-rc.read.1.tlog
C:\Users\ADMIN\OneDrive\Máy tính\gamesdlbancuoi\bloodchess\gameSDL2\gameSDL2\Debug\link.5060-rc.write.1.tlog
C:\Users\ADMIN\OneDrive\Máy tính\gamesdlbancuoi\bloodchess\gameSDL2\gameSDL2\Debug\link.5060.read.1.tlog
C:\Users\ADMIN\OneDrive\Máy tính\gamesdlbancuoi\bloodchess\gameSDL2\gameSDL2\Debug\link.5060.write.1.tlog
C:\Users\ADMIN\OneDrive\Máy tính\gamesdlbancuoi\bloodchess\gameSDL2\gameSDL2\Debug\link.6116-cvtres.read.1.tlog
C:\Users\ADMIN\OneDrive\Máy tính\gamesdlbancuoi\bloodchess\gameSDL2\gameSDL2\Debug\link.6116-cvtres.write.1.tlog
C:\Users\ADMIN\OneDrive\Máy tính\gamesdlbancuoi\bloodchess\gameSDL2\gameSDL2\Debug\link.6116-rc.read.1.tlog
C:\Users\ADMIN\OneDrive\Máy tính\gamesdlbancuoi\bloodchess\gameSDL2\gameSDL2\Debug\link.6116-rc.write.1.tlog
C:\Users\ADMIN\OneDrive\Máy tính\gamesdlbancuoi\bloodchess\gameSDL2\gameSDL2\Debug\link.6116.read.1.tlog
C:\Users\ADMIN\OneDrive\Máy tính\gamesdlbancuoi\bloodchess\gameSDL2\gameSDL2\Debug\link.6116.write.1.tlog
C:\Users\ADMIN\OneDrive\Máy tính\gamesdlbancuoi\bloodchess\gameSDL2\gameSDL2\Debug\link.8940-cvtres.read.1.tlog
C:\Users\ADMIN\OneDrive\Máy tính\gamesdlbancuoi\bloodchess\gameSDL2\gameSDL2\Debug\link.8940-cvtres.write.1.tlog
C:\Users\ADMIN\OneDrive\Máy tính\gamesdlbancuoi\bloodchess\gameSDL2\gameSDL2\Debug\link.8940-rc.read.1.tlog
C:\Users\ADMIN\OneDrive\Máy tính\gamesdlbancuoi\bloodchess\gameSDL2\gameSDL2\Debug\link.8940-rc.write.1.tlog
C:\Users\ADMIN\OneDrive\Máy tính\gamesdlbancuoi\bloodchess\gameSDL2\gameSDL2\Debug\link.8940.read.1.tlog
C:\Users\ADMIN\OneDrive\Máy tính\gamesdlbancuoi\bloodchess\gameSDL2\gameSDL2\Debug\link.8940.write.1.tlog
C:\Users\ADMIN\OneDrive\Máy tính\gamesdlbancuoi\bloodchess\gameSDL2\gameSDL2\Debug\link.9060-cvtres.read.1.tlog
C:\Users\ADMIN\OneDrive\Máy tính\gamesdlbancuoi\bloodchess\gameSDL2\gameSDL2\Debug\link.9060-cvtres.write.1.tlog
C:\Users\ADMIN\OneDrive\Máy tính\gamesdlbancuoi\bloodchess\gameSDL2\gameSDL2\Debug\link.9060-rc.read.1.tlog
C:\Users\ADMIN\OneDrive\Máy tính\gamesdlbancuoi\bloodchess\gameSDL2\gameSDL2\Debug\link.9060-rc.write.1.tlog
C:\Users\ADMIN\OneDrive\Máy tính\gamesdlbancuoi\bloodchess\gameSDL2\gameSDL2\Debug\link.9060.read.1.tlog
C:\Users\ADMIN\OneDrive\Máy tính\gamesdlbancuoi\bloodchess\gameSDL2\gameSDL2\Debug\link.9060.write.1.tlog
C:\Users\ADMIN\OneDrive\Máy tính\gamesdlbancuoi\bloodchess\gameSDL2\gameSDL2\Debug\link.936-cvtres.read.1.tlog
C:\Users\ADMIN\OneDrive\Máy tính\gamesdlbancuoi\bloodchess\gameSDL2\gameSDL2\Debug\link.936-cvtres.write.1.tlog
C:\Users\ADMIN\OneDrive\Máy tính\gamesdlbancuoi\bloodchess\gameSDL2\gameSDL2\Debug\link.936-rc.read.1.tlog
C:\Users\ADMIN\OneDrive\Máy tính\gamesdlbancuoi\bloodchess\gameSDL2\gameSDL2\Debug\link.936-rc.write.1.tlog
C:\Users\ADMIN\OneDrive\Máy tính\gamesdlbancuoi\bloodchess\gameSDL2\gameSDL2\Debug\link.936.read.1.tlog
C:\Users\ADMIN\OneDrive\Máy tính\gamesdlbancuoi\bloodchess\gameSDL2\gameSDL2\Debug\link.936.write.1.tlog
C:\Users\ADMIN\OneDrive\Máy tính\gamesdlbancuoi\bloodchess\gameSDL2\gameSDL2\Debug\link.command.1.tlog
C:\Users\ADMIN\OneDrive\Máy tính\gamesdlbancuoi\bloodchess\gameSDL2\gameSDL2\Debug\link.read.1.tlog
C:\Users\ADMIN\OneDrive\Máy tính\gamesdlbancuoi\bloodchess\gameSDL2\gameSDL2\Debug\link.write.1.tlog
C:\Users\ADMIN\OneDrive\Máy tính\gamesdlbancuoi\bloodchess\gameSDL2\gameSDL2\Debug\gameSDL2.pch
C:\Users\ADMIN\OneDrive\Máy tính\gamesdlbancuoi\bloodchess\gameSDL2\gameSDL2\Debug\vc110.idb
C:\Users\ADMIN\OneDrive\Máy tính\gamesdlbancuoi\bloodchess\gameSDL2\gameSDL2\Debug\vc110.pdb
C:\Users\ADMIN\OneDrive\Máy tính\gamesdlbancuoi\bloodchess\gameSDL2\Debug\gameSDL2.pdb
C:\Users\ADMIN\OneDrive\Máy tính\gamesdlbancuoi\bloodchess\gameSDL2\Debug\gameSDL2.exe
C:\Users\ADMIN\OneDrive\Máy tính\gamesdlbancuoi\bloodchess\gameSDL2\Debug\gameSDL2.ilk
