Build started 19/04/2024 12:27:38 SA.
     1>Project "C:\Users\ADMIN\OneDrive\Máy tính\gamesdlbancuoi\bloodchess\gameSDL2\gameSDL2\gameSDL2.vcxproj" on node 2 (Rebuild target(s)).
     1>ClCompile:
         C:\Program Files (x86)\Microsoft Visual Studio 11.0\VC\bin\CL.exe /c /ZI /nologo /W3 /WX- /sdl /Od /Oy- /D WIN32 /D _DEBUG /D _CONSOLE /D _UNICODE /D UNICODE /Gm /EHsc /RTC1 /MDd /GS /fp:precise /Zc:wchar_t /Zc:forScope /Yc"stdafx.h" /Fp"Debug\gameSDL2.pch" /Fo"Debug\\" /Fd"Debug\vc110.pdb" /Gd /TP /analyze- /errorReport:prompt stdafx.cpp
         stdafx.cpp
         C:\Program Files (x86)\Microsoft Visual Studio 11.0\VC\bin\CL.exe /c /ZI /nologo /W3 /WX- /sdl /Od /Oy- /D WIN32 /D _DEBUG /D _CONSOLE /D _UNICODE /D UNICODE /Gm /EHsc /RTC1 /MDd /GS /fp:precise /Zc:wchar_t /Zc:forScope /Yu"stdafx.h" /Fp"Debug\gameSDL2.pch" /Fo"Debug\\" /Fd"Debug\vc110.pdb" /Gd /TP /analyze- /errorReport:prompt BaseObject.cpp Commonfunc.cpp gameSDL2.cpp Game_map.cpp ImpTime.cpp MainObject.cpp Menu.cpp TextObject.cpp
         TextObject.cpp
     1>c:\users\admin\onedrive\máy tính\gamesdlbancuoi\bloodchess\gamesdl2\gamesdl2\commonfunc.h(67): warning C4091: 'typedef ' : ignored on left of 'Map' when no variable is declared
     1>c:\users\admin\onedrive\máy tính\gamesdlbancuoi\bloodchess\gamesdl2\gamesdl2\commonfunc.h(76): warning C4091: 'typedef ' : ignored on left of 'Input' when no variable is declared
         Menu.cpp
     1>c:\users\admin\onedrive\máy tính\gamesdlbancuoi\bloodchess\gamesdl2\gamesdl2\commonfunc.h(67): warning C4091: 'typedef ' : ignored on left of 'Map' when no variable is declared
     1>c:\users\admin\onedrive\máy tính\gamesdlbancuoi\bloodchess\gamesdl2\gamesdl2\commonfunc.h(76): warning C4091: 'typedef ' : ignored on left of 'Input' when no variable is declared
     1>c:\users\admin\onedrive\máy tính\gamesdlbancuoi\bloodchess\gamesdl2\gamesdl2\menu.cpp(74): warning C4101: 'm_event' : unreferenced local variable
         MainObject.cpp
     1>c:\users\admin\onedrive\máy tính\gamesdlbancuoi\bloodchess\gamesdl2\gamesdl2\commonfunc.h(67): warning C4091: 'typedef ' : ignored on left of 'Map' when no variable is declared
     1>c:\users\admin\onedrive\máy tính\gamesdlbancuoi\bloodchess\gamesdl2\gamesdl2\commonfunc.h(76): warning C4091: 'typedef ' : ignored on left of 'Input' when no variable is declared
         ImpTime.cpp
     1>c:\users\admin\onedrive\máy tính\gamesdlbancuoi\bloodchess\gamesdl2\gamesdl2\commonfunc.h(67): warning C4091: 'typedef ' : ignored on left of 'Map' when no variable is declared
     1>c:\users\admin\onedrive\máy tính\gamesdlbancuoi\bloodchess\gamesdl2\gamesdl2\commonfunc.h(76): warning C4091: 'typedef ' : ignored on left of 'Input' when no variable is declared
         Game_map.cpp
     1>c:\users\admin\onedrive\máy tính\gamesdlbancuoi\bloodchess\gamesdl2\gamesdl2\commonfunc.h(67): warning C4091: 'typedef ' : ignored on left of 'Map' when no variable is declared
     1>c:\users\admin\onedrive\máy tính\gamesdlbancuoi\bloodchess\gamesdl2\gamesdl2\commonfunc.h(76): warning C4091: 'typedef ' : ignored on left of 'Input' when no variable is declared
     1>c:\users\admin\onedrive\máy tính\gamesdlbancuoi\bloodchess\gamesdl2\gamesdl2\game_map.cpp(125): warning C4244: 'initializing' : conversion from 'time_t' to 'unsigned int', possible loss of data
         gameSDL2.cpp
     1>c:\users\admin\onedrive\máy tính\gamesdlbancuoi\bloodchess\gamesdl2\gamesdl2\commonfunc.h(67): warning C4091: 'typedef ' : ignored on left of 'Map' when no variable is declared
     1>c:\users\admin\onedrive\máy tính\gamesdlbancuoi\bloodchess\gamesdl2\gamesdl2\commonfunc.h(76): warning C4091: 'typedef ' : ignored on left of 'Input' when no variable is declared
         Commonfunc.cpp
     1>c:\users\admin\onedrive\máy tính\gamesdlbancuoi\bloodchess\gamesdl2\gamesdl2\commonfunc.cpp(1): warning C4627: '#include "Commonfunc.h"': skipped when looking for precompiled header use
                 Add directive to 'stdafx.h' or rebuild precompiled header
         BaseObject.cpp
     1>c:\users\admin\onedrive\máy tính\gamesdlbancuoi\bloodchess\gamesdl2\gamesdl2\commonfunc.h(67): warning C4091: 'typedef ' : ignored on left of 'Map' when no variable is declared
     1>c:\users\admin\onedrive\máy tính\gamesdlbancuoi\bloodchess\gamesdl2\gamesdl2\commonfunc.h(76): warning C4091: 'typedef ' : ignored on left of 'Input' when no variable is declared
         Generating Code...
       Link:
         C:\Program Files (x86)\Microsoft Visual Studio 11.0\VC\bin\link.exe /ERRORREPORT:PROMPT /OUT:"C:\Users\ADMIN\OneDrive\Máy tính\gamesdlbancuoi\bloodchess\gameSDL2\Debug\gameSDL2.exe" /INCREMENTAL /NOLOGO SDL2.lib SDL2main.lib SDL2_image.lib SDL2_mixer.lib SDL2_ttf.lib kernel32.lib user32.lib gdi32.lib winspool.lib comdlg32.lib advapi32.lib shell32.lib ole32.lib oleaut32.lib uuid.lib odbc32.lib odbccp32.lib /MANIFEST /MANIFESTUAC:"level='asInvoker' uiAccess='false'" /manifest:embed /DEBUG /PDB:"C:\Users\ADMIN\OneDrive\Máy tính\gamesdlbancuoi\bloodchess\gameSDL2\Debug\gameSDL2.pdb" /SUBSYSTEM:CONSOLE /TLBID:1 /DYNAMICBASE /NXCOMPAT /IMPLIB:"C:\Users\ADMIN\OneDrive\Máy tính\gamesdlbancuoi\bloodchess\gameSDL2\Debug\gameSDL2.lib" /MACHINE:X86 Debug\BaseObject.obj
         Debug\Commonfunc.obj
         Debug\gameSDL2.obj
         Debug\Game_map.obj
         Debug\ImpTime.obj
         Debug\MainObject.obj
         Debug\Menu.obj
         Debug\stdafx.obj
         Debug\TextObject.obj
         gameSDL2.vcxproj -> C:\Users\ADMIN\OneDrive\Máy tính\gamesdlbancuoi\bloodchess\gameSDL2\Debug\gameSDL2.exe
     1>Done Building Project "C:\Users\ADMIN\OneDrive\Máy tính\gamesdlbancuoi\bloodchess\gameSDL2\gameSDL2\gameSDL2.vcxproj" (Rebuild target(s)).

Build succeeded.

Time Elapsed 00:00:04.85
